Base path: /Applications/Unity/Unity.app/Contents
Cmd: initializeCompiler
Cmd: compileSnippet
  api=14 type=0 insize=1582 outsize=1542 kw= pd=UNITY_ENABLE_REFLECTION_BUFFERS UNITY_USE_DITHER_MASK_FOR_ALPHABLENDED_SHADOWS UNITY_PBS_USE_BRDF1 UNITY_SPECCUBE_BOX_PROJECTION UNITY_SPECCUBE_BLENDING UNITY_ENABLE_DETAIL_NORMALMAP SHADER_API_DESKTOP UNITY_COLORSPACE_GAMMA UNITY_LIGHT_PROBE_PROXY_VOLUME UNITY_LIGHTMAP_FULL_HDR ok=1
Cmd: compileSnippet
  api=14 type=1 insize=1582 outsize=947 kw= pd=UNITY_ENABLE_REFLECTION_BUFFERS UNITY_USE_DITHER_MASK_FOR_ALPHABLENDED_SHADOWS UNITY_PBS_USE_BRDF1 UNITY_SPECCUBE_BOX_PROJECTION UNITY_SPECCUBE_BLENDING UNITY_ENABLE_DETAIL_NORMALMAP SHADER_API_DESKTOP UNITY_COLORSPACE_GAMMA UNITY_LIGHT_PROBE_PROXY_VOLUME UNITY_LIGHTMAP_FULL_HDR ok=1
Cmd: preprocess
  insize=3207 outsize=1205 ok=1
Cmd: compileSnippet
  api=14 type=0 insize=2445 outsize=2958 kw= pd=UNITY_ENABLE_REFLECTION_BUFFERS UNITY_USE_DITHER_MASK_FOR_ALPHABLENDED_SHADOWS UNITY_PBS_USE_BRDF1 UNITY_SPECCUBE_BOX_PROJECTION UNITY_SPECCUBE_BLENDING UNITY_ENABLE_DETAIL_NORMALMAP SHADER_API_DESKTOP UNITY_COLORSPACE_GAMMA UNITY_LIGHT_PROBE_PROXY_VOLUME UNITY_LIGHTMAP_FULL_HDR ok=1
Cmd: compileSnippet
  api=14 type=1 insize=2445 outsize=2026 kw= pd=UNITY_ENABLE_REFLECTION_BUFFERS UNITY_USE_DITHER_MASK_FOR_ALPHABLENDED_SHADOWS UNITY_PBS_USE_BRDF1 UNITY_SPECCUBE_BOX_PROJECTION UNITY_SPECCUBE_BLENDING UNITY_ENABLE_DETAIL_NORMALMAP SHADER_API_DESKTOP UNITY_COLORSPACE_GAMMA UNITY_LIGHT_PROBE_PROXY_VOLUME UNITY_LIGHTMAP_FULL_HDR ok=1
Cmd: initializeCompiler
Cmd: compileSnippet
  api=14 type=0 insize=1842 outsize=2437 kw= pd=UNITY_ENABLE_REFLECTION_BUFFERS UNITY_USE_DITHER_MASK_FOR_ALPHABLENDED_SHADOWS UNITY_PBS_USE_BRDF1 UNITY_SPECCUBE_BOX_PROJECTION UNITY_SPECCUBE_BLENDING UNITY_ENABLE_DETAIL_NORMALMAP SHADER_API_DESKTOP UNITY_COLORSPACE_GAMMA UNITY_LIGHT_PROBE_PROXY_VOLUME UNITY_LIGHTMAP_FULL_HDR ok=1
Cmd: compileSnippet
  api=14 type=1 insize=1842 outsize=1830 kw= pd=UNITY_ENABLE_REFLECTION_BUFFERS UNITY_USE_DITHER_MASK_FOR_ALPHABLENDED_SHADOWS UNITY_PBS_USE_BRDF1 UNITY_SPECCUBE_BOX_PROJECTION UNITY_SPECCUBE_BLENDING UNITY_ENABLE_DETAIL_NORMALMAP SHADER_API_DESKTOP UNITY_COLORSPACE_GAMMA UNITY_LIGHT_PROBE_PROXY_VOLUME UNITY_LIGHTMAP_FULL_HDR ok=1
Cmd: compileSnippet
  api=14 type=0 insize=1701 outsize=2474 kw= pd=UNITY_ENABLE_REFLECTION_BUFFERS UNITY_USE_DITHER_MASK_FOR_ALPHABLENDED_SHADOWS UNITY_PBS_USE_BRDF1 UNITY_SPECCUBE_BOX_PROJECTION UNITY_SPECCUBE_BLENDING UNITY_ENABLE_DETAIL_NORMALMAP SHADER_API_DESKTOP UNITY_COLORSPACE_GAMMA UNITY_LIGHT_PROBE_PROXY_VOLUME UNITY_LIGHTMAP_FULL_HDR ok=1
Cmd: compileSnippet
  api=14 type=1 insize=1701 outsize=1242 kw= pd=UNITY_ENABLE_REFLECTION_BUFFERS UNITY_USE_DITHER_MASK_FOR_ALPHABLENDED_SHADOWS UNITY_PBS_USE_BRDF1 UNITY_SPECCUBE_BOX_PROJECTION UNITY_SPECCUBE_BLENDING UNITY_ENABLE_DETAIL_NORMALMAP SHADER_API_DESKTOP UNITY_COLORSPACE_GAMMA UNITY_LIGHT_PROBE_PROXY_VOLUME UNITY_LIGHTMAP_FULL_HDR ok=1
Cmd: compileSnippet
  api=14 type=0 insize=4971 outsize=2521 kw= pd=UNITY_ENABLE_REFLECTION_BUFFERS UNITY_USE_DITHER_MASK_FOR_ALPHABLENDED_SHADOWS UNITY_PBS_USE_BRDF1 UNITY_SPECCUBE_BOX_PROJECTION UNITY_SPECCUBE_BLENDING UNITY_ENABLE_DETAIL_NORMALMAP SHADER_API_DESKTOP UNITY_COLORSPACE_GAMMA UNITY_LIGHT_PROBE_PROXY_VOLUME UNITY_LIGHTMAP_FULL_HDR ok=1
Cmd: compileSnippet
  api=14 type=1 insize=4971 outsize=6314 kw= pd=UNITY_ENABLE_REFLECTION_BUFFERS UNITY_USE_DITHER_MASK_FOR_ALPHABLENDED_SHADOWS UNITY_PBS_USE_BRDF1 UNITY_SPECCUBE_BOX_PROJECTION UNITY_SPECCUBE_BLENDING UNITY_ENABLE_DETAIL_NORMALMAP SHADER_API_DESKTOP UNITY_COLORSPACE_GAMMA UNITY_LIGHT_PROBE_PROXY_VOLUME UNITY_LIGHTMAP_FULL_HDR ok=1
Cmd: compileSnippet
  api=14 type=0 insize=16605 outsize=10161 kw=_SUNDISK_SIMPLE pd=UNITY_ENABLE_REFLECTION_BUFFERS UNITY_USE_DITHER_MASK_FOR_ALPHABLENDED_SHADOWS UNITY_PBS_USE_BRDF1 UNITY_SPECCUBE_BOX_PROJECTION UNITY_SPECCUBE_BLENDING UNITY_ENABLE_DETAIL_NORMALMAP SHADER_API_DESKTOP UNITY_COLORSPACE_GAMMA UNITY_LIGHT_PROBE_PROXY_VOLUME UNITY_LIGHTMAP_FULL_HDR ok=1
Cmd: compileSnippet
  api=14 type=1 insize=16605 outsize=1875 kw=_SUNDISK_SIMPLE pd=UNITY_ENABLE_REFLECTION_BUFFERS UNITY_USE_DITHER_MASK_FOR_ALPHABLENDED_SHADOWS UNITY_PBS_USE_BRDF1 UNITY_SPECCUBE_BOX_PROJECTION UNITY_SPECCUBE_BLENDING UNITY_ENABLE_DETAIL_NORMALMAP SHADER_API_DESKTOP UNITY_COLORSPACE_GAMMA UNITY_LIGHT_PROBE_PROXY_VOLUME UNITY_LIGHTMAP_FULL_HDR ok=1
Cmd: initializeCompiler
Cmd: initializeCompiler
Cmd: preprocessCompute
  insize=7938 outsize=7960 ok=1
Cmd: compileComputeKernel
  api=14 insize=7960 outsize=2577 ok=1
Cmd: compileComputeKernel
  api=14 insize=7960 outsize=2677 ok=1
Cmd: compileComputeKernel
  api=14 insize=7960 outsize=4077 ok=1
Cmd: compileComputeKernel
  api=14 insize=7960 outsize=3081 ok=1
Cmd: compileComputeKernel
  api=14 insize=7960 outsize=3009 ok=1
Cmd: translateComputeKernel
  api=14 insize=2741 outsize=2701 ok=1
Cmd: translateComputeKernel
  api=14 insize=2805 outsize=2865 ok=1
Cmd: translateComputeKernel
  api=14 insize=3249 outsize=3469 ok=1
Cmd: translateComputeKernel
  api=14 insize=3261 outsize=3677 ok=1
Cmd: preprocessCompute
  insize=68819 outsize=68835 ok=1
Cmd: compileComputeKernel
  api=14 insize=68835 outsize=3905 ok=1
Cmd: compileComputeKernel
  api=14 insize=68835 outsize=5921 ok=1
Cmd: compileComputeKernel
  api=14 insize=68835 outsize=6649 ok=1
Cmd: translateComputeKernel
  api=14 insize=3905 outsize=6797 ok=1
Cmd: translateComputeKernel
  api=14 insize=5957 outsize=9977 ok=1
Cmd: translateComputeKernel
  api=14 insize=4725 outsize=7429 ok=1
Cmd: translateComputeKernel
  api=14 insize=7313 outsize=12641 ok=1
Cmd: preprocessCompute
  insize=9889 outsize=9919 ok=1
Cmd: compileComputeKernel
  api=14 insize=9919 outsize=2949 ok=1
Cmd: compileComputeKernel
  api=14 insize=9919 outsize=2949 ok=1
Cmd: compileComputeKernel
  api=14 insize=9919 outsize=2981 ok=1
Cmd: compileComputeKernel
  api=14 insize=9919 outsize=3129 ok=1
Cmd: translateComputeKernel
  api=14 insize=2953 outsize=4281 ok=1
Cmd: translateComputeKernel
  api=14 insize=2949 outsize=4281 ok=1
Cmd: translateComputeKernel
  api=14 insize=2989 outsize=4333 ok=1
Cmd: translateComputeKernel
  api=14 insize=3129 outsize=4573 ok=1
Cmd: preprocessCompute
  insize=45651 outsize=45671 ok=1
Cmd: compileComputeKernel
  api=14 insize=45671 outsize=8613 ok=1
Cmd: compileComputeKernel
  api=14 insize=45671 outsize=4941 ok=1
Cmd: translateComputeKernel
  api=14 insize=8613 outsize=16921 ok=1
Cmd: translateComputeKernel
  api=14 insize=5521 outsize=9381 ok=1
Cmd: translateComputeKernel
  api=14 insize=4941 outsize=8753 ok=1
Cmd: preprocessCompute
  insize=7947 outsize=7959 ok=1
Cmd: compileComputeKernel
  api=14 insize=7959 outsize=3433 ok=1
Cmd: translateComputeKernel
  api=14 insize=3345 outsize=4349 ok=1
Cmd: preprocessCompute
  insize=49232 outsize=49356 ok=1
Cmd: compileComputeKernel
  api=14 insize=49356 outsize=3545 ok=1
Cmd: compileComputeKernel
  api=14 insize=49356 outsize=4937 ok=1
Cmd: compileComputeKernel
  api=14 insize=49356 outsize=3785 ok=1
Cmd: compileComputeKernel
  api=14 insize=49356 outsize=3589 ok=1
Cmd: compileComputeKernel
  api=14 insize=49356 outsize=3365 ok=1
Cmd: compileComputeKernel
  api=14 insize=49356 outsize=3061 ok=1
Cmd: compileComputeKernel
  api=14 insize=49356 outsize=3381 ok=1
Cmd: compileComputeKernel
  api=14 insize=49356 outsize=3133 ok=1
Cmd: compileComputeKernel
  api=14 insize=49356 outsize=3733 ok=1
Cmd: compileComputeKernel
  api=14 insize=49356 outsize=3529 ok=1
Cmd: compileComputeKernel
  api=14 insize=49356 outsize=3753 ok=1
Cmd: compileComputeKernel
  api=14 insize=49356 outsize=3753 ok=1
Cmd: compileComputeKernel
  api=14 insize=49356 outsize=3789 ok=1
Cmd: compileComputeKernel
  api=14 insize=49356 outsize=3933 ok=1
Cmd: compileComputeKernel
  api=14 insize=49356 outsize=3093 ok=1
Cmd: compileComputeKernel
  api=14 insize=49356 outsize=4669 ok=1
Cmd: compileComputeKernel
  api=14 insize=49356 outsize=4389 ok=1
Cmd: translateComputeKernel
  api=14 insize=5073 outsize=7053 ok=1
Cmd: translateComputeKernel
  api=14 insize=3845 outsize=4189 ok=1
Cmd: translateComputeKernel
  api=14 insize=4237 outsize=5133 ok=1
Cmd: translateComputeKernel
  api=14 insize=3961 outsize=4489 ok=1
Cmd: translateComputeKernel
  api=14 insize=5593 outsize=7457 ok=1
Cmd: translateComputeKernel
  api=14 insize=3813 outsize=3925 ok=1
Cmd: translateComputeKernel
  api=14 insize=3709 outsize=3817 ok=1
Cmd: translateComputeKernel
  api=14 insize=3781 outsize=3873 ok=1
Cmd: translateComputeKernel
  api=14 insize=3577 outsize=3581 ok=1
Cmd: translateComputeKernel
  api=14 insize=3629 outsize=3613 ok=1
Cmd: translateComputeKernel
  api=14 insize=4225 outsize=5021 ok=1
Cmd: translateComputeKernel
  api=14 insize=4257 outsize=5065 ok=1
Cmd: translateComputeKernel
  api=14 insize=4257 outsize=5069 ok=1
Cmd: translateComputeKernel
  api=14 insize=4405 outsize=5317 ok=1
Cmd: translateComputeKernel
  api=14 insize=3689 outsize=3869 ok=1
Cmd: translateComputeKernel
  api=14 insize=3801 outsize=3981 ok=1
Cmd: translateComputeKernel
  api=14 insize=4045 outsize=4337 ok=1
Cmd: preprocessCompute
  insize=4095 outsize=4103 ok=1
Cmd: compileComputeKernel
  api=14 insize=4103 outsize=2921 ok=1
Cmd: translateComputeKernel
  api=14 insize=2685 outsize=3061 ok=1
Cmd: preprocessCompute
  insize=1808 outsize=1810 ok=1
Cmd: compileComputeKernel
  api=14 insize=1810 outsize=4349 ok=1
Cmd: preprocessCompute
  insize=29208 outsize=29386 ok=1
Cmd: compileComputeKernel
  api=14 insize=29386 outsize=2057 ok=1
Cmd: compileComputeKernel
  api=14 insize=29386 outsize=2161 ok=1
Cmd: compileComputeKernel
  api=14 insize=29386 outsize=2469 ok=1
Cmd: compileComputeKernel
  api=14 insize=29386 outsize=2293 ok=1
Cmd: compileComputeKernel
  api=14 insize=29386 outsize=1313 ok=1
Cmd: compileComputeKernel
  api=14 insize=29386 outsize=2249 ok=1
Cmd: compileComputeKernel
  api=14 insize=29386 outsize=2133 ok=1
Cmd: compileComputeKernel
  api=14 insize=29386 outsize=1201 ok=1
Cmd: compileComputeKernel
  api=14 insize=29386 outsize=2177 ok=1
Cmd: compileComputeKernel
  api=14 insize=29386 outsize=2141 ok=1
Cmd: compileComputeKernel
  api=14 insize=29386 outsize=1225 ok=1
Cmd: compileComputeKernel
  api=14 insize=29386 outsize=2669 ok=1
Cmd: compileComputeKernel
  api=14 insize=29386 outsize=2677 ok=1
Cmd: compileComputeKernel
  api=14 insize=29386 outsize=2929 ok=1
Cmd: compileComputeKernel
  api=14 insize=29386 outsize=2837 ok=1
Cmd: compileComputeKernel
  api=14 insize=29386 outsize=2761 ok=1
Cmd: compileComputeKernel
  api=14 insize=29386 outsize=2821 ok=1
Cmd: compileComputeKernel
  api=14 insize=29386 outsize=2677 ok=1
Cmd: compileComputeKernel
  api=14 insize=29386 outsize=2689 ok=1
Cmd: compileComputeKernel
  api=14 insize=29386 outsize=2641 ok=1
Cmd: compileComputeKernel
  api=14 insize=29386 outsize=2685 ok=1
Cmd: compileComputeKernel
  api=14 insize=29386 outsize=2749 ok=1
Cmd: translateComputeKernel
  api=14 insize=1417 outsize=1433 ok=1
Cmd: translateComputeKernel
  api=14 insize=2329 outsize=2009 ok=1
Cmd: translateComputeKernel
  api=14 insize=2301 outsize=1917 ok=1
Cmd: translateComputeKernel
  api=14 insize=2641 outsize=2545 ok=1
Cmd: translateComputeKernel
  api=14 insize=2529 outsize=2285 ok=1
Cmd: translateComputeKernel
  api=14 insize=2349 outsize=1997 ok=1
Cmd: translateComputeKernel
  api=14 insize=2361 outsize=1981 ok=1
Cmd: translateComputeKernel
  api=14 insize=2617 outsize=2405 ok=1
Cmd: translateComputeKernel
  api=14 insize=2369 outsize=2069 ok=1
Cmd: translateComputeKernel
  api=14 insize=2289 outsize=1913 ok=1
Cmd: translateComputeKernel
  api=14 insize=2325 outsize=1993 ok=1
Cmd: translateComputeKernel
  api=14 insize=2377 outsize=2069 ok=1
Cmd: translateComputeKernel
  api=14 insize=2309 outsize=1937 ok=1
Cmd: translateComputeKernel
  api=14 insize=2781 outsize=3117 ok=1
Cmd: translateComputeKernel
  api=14 insize=2809 outsize=3153 ok=1
Cmd: translateComputeKernel
  api=14 insize=3017 outsize=3405 ok=1
Cmd: translateComputeKernel
  api=14 insize=3049 outsize=3453 ok=1
Cmd: translateComputeKernel
  api=14 insize=2857 outsize=3233 ok=1
Cmd: translateComputeKernel
  api=14 insize=2869 outsize=3217 ok=1
Cmd: translateComputeKernel
  api=14 insize=2881 outsize=3073 ok=1
Cmd: translateComputeKernel
  api=14 insize=2837 outsize=3173 ok=1
Cmd: translateComputeKernel
  api=14 insize=2797 outsize=3149 ok=1
Cmd: translateComputeKernel
  api=14 insize=2889 outsize=3077 ok=1
Cmd: translateComputeKernel
  api=14 insize=3181 outsize=3585 ok=1
Cmd: compileSnippet
  api=14 type=0 insize=1278 outsize=2953 kw=UNITY_PASS_SHADOWCASTER SHADOWS_DEPTH pd=UNITY_ENABLE_REFLECTION_BUFFERS UNITY_USE_DITHER_MASK_FOR_ALPHABLENDED_SHADOWS UNITY_PBS_USE_BRDF1 UNITY_SPECCUBE_BOX_PROJECTION UNITY_SPECCUBE_BLENDING UNITY_ENABLE_DETAIL_NORMALMAP SHADER_API_DESKTOP UNITY_COLORSPACE_GAMMA UNITY_LIGHT_PROBE_PROXY_VOLUME UNITY_LIGHTMAP_FULL_HDR ok=1
Cmd: compileSnippet
  api=14 type=1 insize=1278 outsize=535 kw=UNITY_PASS_SHADOWCASTER SHADOWS_DEPTH pd=UNITY_ENABLE_REFLECTION_BUFFERS UNITY_USE_DITHER_MASK_FOR_ALPHABLENDED_SHADOWS UNITY_PBS_USE_BRDF1 UNITY_SPECCUBE_BOX_PROJECTION UNITY_SPECCUBE_BLENDING UNITY_ENABLE_DETAIL_NORMALMAP SHADER_API_DESKTOP UNITY_COLORSPACE_GAMMA UNITY_LIGHT_PROBE_PROXY_VOLUME UNITY_LIGHTMAP_FULL_HDR ok=1
Cmd: compileSnippet
  api=14 type=0 insize=1341 outsize=1653 kw= pd=UNITY_ENABLE_REFLECTION_BUFFERS UNITY_USE_DITHER_MASK_FOR_ALPHABLENDED_SHADOWS UNITY_PBS_USE_BRDF1 UNITY_SPECCUBE_BOX_PROJECTION UNITY_SPECCUBE_BLENDING UNITY_ENABLE_DETAIL_NORMALMAP SHADER_API_DESKTOP UNITY_COLORSPACE_GAMMA UNITY_LIGHT_PROBE_PROXY_VOLUME UNITY_LIGHTMAP_FULL_HDR ok=1
Cmd: compileSnippet
  api=14 type=1 insize=1341 outsize=916 kw= pd=UNITY_ENABLE_REFLECTION_BUFFERS UNITY_USE_DITHER_MASK_FOR_ALPHABLENDED_SHADOWS UNITY_PBS_USE_BRDF1 UNITY_SPECCUBE_BOX_PROJECTION UNITY_SPECCUBE_BLENDING UNITY_ENABLE_DETAIL_NORMALMAP SHADER_API_DESKTOP UNITY_COLORSPACE_GAMMA UNITY_LIGHT_PROBE_PROXY_VOLUME UNITY_LIGHTMAP_FULL_HDR ok=1
Cmd: compileSnippet
  api=14 type=0 insize=1564 outsize=3914 kw=UNITY_PASS_FORWARDBASE DIRECTIONAL LIGHTPROBE_SH pd=UNITY_ENABLE_REFLECTION_BUFFERS UNITY_USE_DITHER_MASK_FOR_ALPHABLENDED_SHADOWS UNITY_PBS_USE_BRDF1 UNITY_SPECCUBE_BOX_PROJECTION UNITY_SPECCUBE_BLENDING UNITY_ENABLE_DETAIL_NORMALMAP SHADER_API_DESKTOP UNITY_COLORSPACE_GAMMA UNITY_LIGHT_PROBE_PROXY_VOLUME UNITY_LIGHTMAP_FULL_HDR ok=1
Cmd: compileSnippet
  api=14 type=1 insize=1564 outsize=14815 kw=UNITY_PASS_FORWARDBASE DIRECTIONAL LIGHTPROBE_SH pd=UNITY_ENABLE_REFLECTION_BUFFERS UNITY_USE_DITHER_MASK_FOR_ALPHABLENDED_SHADOWS UNITY_PBS_USE_BRDF1 UNITY_SPECCUBE_BOX_PROJECTION UNITY_SPECCUBE_BLENDING UNITY_ENABLE_DETAIL_NORMALMAP SHADER_API_DESKTOP UNITY_COLORSPACE_GAMMA UNITY_LIGHT_PROBE_PROXY_VOLUME UNITY_LIGHTMAP_FULL_HDR ok=1
Cmd: compileSnippet
  api=14 type=0 insize=1426 outsize=3572 kw=UNITY_PASS_FORWARDADD DIRECTIONAL pd=UNITY_ENABLE_REFLECTION_BUFFERS UNITY_USE_DITHER_MASK_FOR_ALPHABLENDED_SHADOWS UNITY_PBS_USE_BRDF1 UNITY_SPECCUBE_BOX_PROJECTION UNITY_SPECCUBE_BLENDING UNITY_ENABLE_DETAIL_NORMALMAP SHADER_API_DESKTOP UNITY_COLORSPACE_GAMMA UNITY_LIGHT_PROBE_PROXY_VOLUME UNITY_LIGHTMAP_FULL_HDR ok=1
Cmd: compileSnippet
  api=14 type=1 insize=1426 outsize=6725 kw=UNITY_PASS_FORWARDADD DIRECTIONAL pd=UNITY_ENABLE_REFLECTION_BUFFERS UNITY_USE_DITHER_MASK_FOR_ALPHABLENDED_SHADOWS UNITY_PBS_USE_BRDF1 UNITY_SPECCUBE_BOX_PROJECTION UNITY_SPECCUBE_BLENDING UNITY_ENABLE_DETAIL_NORMALMAP SHADER_API_DESKTOP UNITY_COLORSPACE_GAMMA UNITY_LIGHT_PROBE_PROXY_VOLUME UNITY_LIGHTMAP_FULL_HDR ok=1
Cmd: compileSnippet
  api=14 type=0 insize=1878 outsize=2437 kw= pd=UNITY_ENABLE_REFLECTION_BUFFERS UNITY_USE_DITHER_MASK_FOR_ALPHABLENDED_SHADOWS UNITY_PBS_USE_BRDF1 UNITY_SPECCUBE_BOX_PROJECTION UNITY_SPECCUBE_BLENDING UNITY_ENABLE_DETAIL_NORMALMAP SHADER_API_DESKTOP UNITY_COLORSPACE_GAMMA UNITY_LIGHT_PROBE_PROXY_VOLUME UNITY_LIGHTMAP_FULL_HDR ok=1
Cmd: compileSnippet
  api=14 type=1 insize=1878 outsize=1824 kw= pd=UNITY_ENABLE_REFLECTION_BUFFERS UNITY_USE_DITHER_MASK_FOR_ALPHABLENDED_SHADOWS UNITY_PBS_USE_BRDF1 UNITY_SPECCUBE_BOX_PROJECTION UNITY_SPECCUBE_BLENDING UNITY_ENABLE_DETAIL_NORMALMAP SHADER_API_DESKTOP UNITY_COLORSPACE_GAMMA UNITY_LIGHT_PROBE_PROXY_VOLUME UNITY_LIGHTMAP_FULL_HDR ok=1
Cmd: compileSnippet
  api=14 type=0 insize=11846 outsize=2664 kw=SHADOWS_SPLIT_SPHERES pd=UNITY_ENABLE_REFLECTION_BUFFERS UNITY_USE_DITHER_MASK_FOR_ALPHABLENDED_SHADOWS UNITY_PBS_USE_BRDF1 UNITY_SPECCUBE_BOX_PROJECTION UNITY_SPECCUBE_BLENDING UNITY_ENABLE_DETAIL_NORMALMAP SHADER_API_DESKTOP UNITY_COLORSPACE_GAMMA UNITY_LIGHT_PROBE_PROXY_VOLUME UNITY_LIGHTMAP_FULL_HDR ok=1
Cmd: compileSnippet
  api=14 type=1 insize=11846 outsize=11914 kw=SHADOWS_SPLIT_SPHERES pd=UNITY_ENABLE_REFLECTION_BUFFERS UNITY_USE_DITHER_MASK_FOR_ALPHABLENDED_SHADOWS UNITY_PBS_USE_BRDF1 UNITY_SPECCUBE_BOX_PROJECTION UNITY_SPECCUBE_BLENDING UNITY_ENABLE_DETAIL_NORMALMAP SHADER_API_DESKTOP UNITY_COLORSPACE_GAMMA UNITY_LIGHT_PROBE_PROXY_VOLUME UNITY_LIGHTMAP_FULL_HDR ok=1
Cmd: compileSnippet
  api=14 type=0 insize=1564 outsize=4147 kw=UNITY_PASS_FORWARDBASE DIRECTIONAL SHADOWS_SCREEN LIGHTPROBE_SH pd=UNITY_ENABLE_REFLECTION_BUFFERS UNITY_USE_DITHER_MASK_FOR_ALPHABLENDED_SHADOWS UNITY_PBS_USE_BRDF1 UNITY_SPECCUBE_BOX_PROJECTION UNITY_SPECCUBE_BLENDING UNITY_ENABLE_DETAIL_NORMALMAP SHADER_API_DESKTOP UNITY_COLORSPACE_GAMMA UNITY_LIGHT_PROBE_PROXY_VOLUME UNITY_LIGHTMAP_FULL_HDR ok=1
Cmd: compileSnippet
  api=14 type=1 insize=1564 outsize=15693 kw=UNITY_PASS_FORWARDBASE DIRECTIONAL SHADOWS_SCREEN LIGHTPROBE_SH pd=UNITY_ENABLE_REFLECTION_BUFFERS UNITY_USE_DITHER_MASK_FOR_ALPHABLENDED_SHADOWS UNITY_PBS_USE_BRDF1 UNITY_SPECCUBE_BOX_PROJECTION UNITY_SPECCUBE_BLENDING UNITY_ENABLE_DETAIL_NORMALMAP SHADER_API_DESKTOP UNITY_COLORSPACE_GAMMA UNITY_LIGHT_PROBE_PROXY_VOLUME UNITY_LIGHTMAP_FULL_HDR ok=1
