Base path: '/Applications/Unity/Hub/Editor/2019.2.15f1/Unity.app/Contents', plugins path '/Applications/Unity/Hub/Editor/2019.2.15f1/Unity.app/Contents/PlaybackEngines'
Cmd: initializeCompiler
Cmd: compileComputeKernel
  api=14 insize=7960 outsize=3022 ok=1
Cmd: translateComputeKernel
  api=14 insize=2761 outsize=2729 ok=1
Cmd: translateComputeKernel
  api=14 insize=4178 outsize=5830 ok=1
Cmd: compileComputeKernel
  api=14 insize=68835 outsize=8733 ok=1
Cmd: translateComputeKernel
  api=14 insize=13802 outsize=26478 ok=1
Cmd: compileComputeKernel
  api=14 insize=9919 outsize=2923 ok=1
Cmd: compileComputeKernel
  api=14 insize=9919 outsize=2923 ok=1
Cmd: compileComputeKernel
  api=14 insize=9919 outsize=2960 ok=1
Cmd: compileComputeKernel
  api=14 insize=9919 outsize=3101 ok=1
Cmd: translateComputeKernel
  api=14 insize=2923 outsize=4236 ok=1
Cmd: translateComputeKernel
  api=14 insize=2923 outsize=4240 ok=1
Cmd: translateComputeKernel
  api=14 insize=2960 outsize=4288 ok=1
Cmd: translateComputeKernel
  api=14 insize=3102 outsize=4530 ok=1
Cmd: compileComputeKernel
  api=14 insize=45671 outsize=8584 ok=1
Cmd: compileComputeKernel
  api=14 insize=45671 outsize=4252 ok=1
Cmd: compileComputeKernel
  api=14 insize=45671 outsize=5617 ok=1
Cmd: compileComputeKernel
  api=14 insize=45671 outsize=13955 ok=1
Cmd: translateComputeKernel
  api=14 insize=12345 outsize=23671 ok=1
Cmd: compileComputeKernel
  api=14 insize=7959 outsize=3420 ok=1
Cmd: translateComputeKernel
  api=14 insize=3332 outsize=4320 ok=1
Cmd: compileComputeKernel
  api=14 insize=49356 outsize=3498 ok=1
Cmd: compileComputeKernel
  api=14 insize=49356 outsize=4891 ok=1
Cmd: compileComputeKernel
  api=14 insize=49356 outsize=3078 ok=1
Cmd: compileComputeKernel
  api=14 insize=49356 outsize=3544 ok=1
Cmd: compileComputeKernel
  api=14 insize=49356 outsize=3353 ok=1
Cmd: compileComputeKernel
  api=14 insize=49356 outsize=3030 ok=1
Cmd: compileComputeKernel
  api=14 insize=49356 outsize=3374 ok=1
Cmd: compileComputeKernel
  api=14 insize=49356 outsize=3126 ok=1
Cmd: compileComputeKernel
  api=14 insize=49356 outsize=3704 ok=1
Cmd: compileComputeKernel
  api=14 insize=49356 outsize=3027 ok=1
Cmd: compileComputeKernel
  api=14 insize=49356 outsize=3727 ok=1
Cmd: compileComputeKernel
  api=14 insize=49356 outsize=4167 ok=1
Cmd: compileComputeKernel
  api=14 insize=49356 outsize=3764 ok=1
Cmd: compileComputeKernel
  api=14 insize=49356 outsize=3905 ok=1
Cmd: compileComputeKernel
  api=14 insize=49356 outsize=3084 ok=1
Cmd: compileComputeKernel
  api=14 insize=49356 outsize=3085 ok=1
Cmd: compileComputeKernel
  api=14 insize=49356 outsize=3192 ok=1
Cmd: translateComputeKernel
  api=14 insize=13480 outsize=23662 ok=1
Cmd: translateComputeKernel
  api=14 insize=3562 outsize=3538 ok=1
Cmd: translateComputeKernel
  api=14 insize=3883 outsize=4113 ok=1
Cmd: translateComputeKernel
  api=14 insize=3635 outsize=3642 ok=1
Cmd: translateComputeKernel
  api=14 insize=3581 outsize=3601 ok=1
Cmd: translateComputeKernel
  api=14 insize=3563 outsize=3564 ok=1
Cmd: translateComputeKernel
  api=14 insize=3563 outsize=3565 ok=1
Cmd: translateComputeKernel
  api=14 insize=3580 outsize=3587 ok=1
Cmd: translateComputeKernel
  api=14 insize=4173 outsize=4952 ok=1
Cmd: translateComputeKernel
  api=14 insize=4609 outsize=5744 ok=1
Cmd: translateComputeKernel
  api=14 insize=4201 outsize=4995 ok=1
Cmd: translateComputeKernel
  api=14 insize=4203 outsize=4998 ok=1
Cmd: translateComputeKernel
  api=14 insize=4348 outsize=5243 ok=1
Cmd: translateComputeKernel
  api=14 insize=3593 outsize=3688 ok=1
Cmd: translateComputeKernel
  api=14 insize=3646 outsize=3810 ok=1
Cmd: translateComputeKernel
  api=14 insize=3760 outsize=3923 ok=1
Cmd: translateComputeKernel
  api=14 insize=3673 outsize=3719 ok=1
Cmd: translateComputeKernel
  api=14 insize=4086 outsize=4395 ok=1
Cmd: compileComputeKernel
  api=14 insize=4103 outsize=2612 ok=1
Cmd: translateComputeKernel
  api=14 insize=2670 outsize=3032 ok=1
Cmd: compileComputeKernel
  api=14 insize=1810 outsize=4325 ok=1
Cmd: translateComputeKernel
  api=14 insize=4325 outsize=7631 ok=1
Cmd: compileComputeKernel
  api=14 insize=29386 outsize=2148 ok=1
Cmd: compileComputeKernel
  api=14 insize=29386 outsize=2153 ok=1
Cmd: compileComputeKernel
  api=14 insize=29386 outsize=2446 ok=1
Cmd: compileComputeKernel
  api=14 insize=29386 outsize=2286 ok=1
Cmd: compileComputeKernel
  api=14 insize=29386 outsize=1319 ok=1
Cmd: compileComputeKernel
  api=14 insize=29386 outsize=2244 ok=1
Cmd: compileComputeKernel
  api=14 insize=29386 outsize=2326 ok=1
Cmd: compileComputeKernel
  api=14 insize=29386 outsize=2220 ok=1
Cmd: compileComputeKernel
  api=14 insize=29386 outsize=2077 ok=1
Cmd: compileComputeKernel
  api=14 insize=29386 outsize=2050 ok=1
Cmd: compileComputeKernel
  api=14 insize=29386 outsize=2230 ok=1
Cmd: compileComputeKernel
  api=14 insize=29386 outsize=2248 ok=1
Cmd: compileComputeKernel
  api=14 insize=29386 outsize=2692 ok=1
Cmd: compileComputeKernel
  api=14 insize=29386 outsize=2543 ok=1
Cmd: compileComputeKernel
  api=14 insize=29386 outsize=2855 ok=1
Cmd: compileComputeKernel
  api=14 insize=29386 outsize=2740 ok=1
Cmd: compileComputeKernel
  api=14 insize=29386 outsize=2731 ok=1
Cmd: compileComputeKernel
  api=14 insize=29386 outsize=2773 ok=1
Cmd: compileComputeKernel
  api=14 insize=29386 outsize=2682 ok=1
Cmd: compileComputeKernel
  api=14 insize=29386 outsize=2659 ok=1
Cmd: compileComputeKernel
  api=14 insize=29386 outsize=2592 ok=1
Cmd: compileComputeKernel
  api=14 insize=29386 outsize=3002 ok=1
Cmd: compileComputeKernel
  api=14 insize=29386 outsize=2695 ok=1
Cmd: translateComputeKernel
  api=14 insize=2248 outsize=1841 ok=1
Cmd: translateComputeKernel
  api=14 insize=1419 outsize=1449 ok=1
Cmd: translateComputeKernel
  api=14 insize=2282 outsize=1883 ok=1
Cmd: translateComputeKernel
  api=14 insize=2449 outsize=2108 ok=1
Cmd: translateComputeKernel
  api=14 insize=2541 outsize=2302 ok=1
Cmd: translateComputeKernel
  api=14 insize=2404 outsize=2074 ok=1
Cmd: translateComputeKernel
  api=14 insize=2380 outsize=2090 ok=1
Cmd: translateComputeKernel
  api=14 insize=2332 outsize=1996 ok=1
Cmd: translateComputeKernel
  api=14 insize=2332 outsize=1997 ok=1
Cmd: translateComputeKernel
  api=14 insize=2360 outsize=2038 ok=1
Cmd: translateComputeKernel
  api=14 insize=2801 outsize=3109 ok=1
Cmd: translateComputeKernel
  api=14 insize=2704 outsize=2669 ok=1
Cmd: translateComputeKernel
  api=14 insize=2997 outsize=3368 ok=1
Cmd: translateComputeKernel
  api=14 insize=2901 outsize=3094 ok=1
Cmd: translateComputeKernel
  api=14 insize=2915 outsize=3080 ok=1
Cmd: translateComputeKernel
  api=14 insize=2904 outsize=3297 ok=1
Cmd: translateComputeKernel
  api=14 insize=2843 outsize=3002 ok=1
Cmd: translateComputeKernel
  api=14 insize=2843 outsize=3003 ok=1
Cmd: translateComputeKernel
  api=14 insize=2793 outsize=3105 ok=1
Cmd: translateComputeKernel
  api=14 insize=2808 outsize=3152 ok=1
Cmd: translateComputeKernel
  api=14 insize=2837 outsize=3163 ok=1
Cmd: compileSnippet
  api=14 type=1 insize=11846 outsize=11914 kw=SHADOWS_SPLIT_SPHERES pd=UNITY_ENABLE_REFLECTION_BUFFERS UNITY_USE_DITHER_MASK_FOR_ALPHABLENDED_SHADOWS UNITY_PBS_USE_BRDF1 UNITY_SPECCUBE_BOX_PROJECTION UNITY_SPECCUBE_BLENDING UNITY_ENABLE_DETAIL_NORMALMAP SHADER_API_DESKTOP UNITY_COLORSPACE_GAMMA UNITY_LIGHT_PROBE_PROXY_VOLUME UNITY_LIGHTMAP_FULL_HDR ok=1

Quitting shader compiler process
