Base path: /Applications/Unity/Unity.app/Contents
Cmd: initializeCompiler
Cmd: compileComputeKernel
  api=14 insize=7960 outsize=3049 ok=1
Cmd: compileComputeKernel
  api=14 insize=7960 outsize=3061 ok=1
Cmd: compileComputeKernel
  api=14 insize=7960 outsize=3165 ok=1
Cmd: compileComputeKernel
  api=14 insize=7960 outsize=2789 ok=1
Cmd: translateComputeKernel
  api=14 insize=3213 outsize=3829 ok=1
Cmd: translateComputeKernel
  api=14 insize=3193 outsize=3441 ok=1
Cmd: translateComputeKernel
  api=14 insize=3213 outsize=3705 ok=1
Cmd: compileComputeKernel
  error: 1 plat 14 at Tensor.cginc(155): use of potentially uninitialized variable (ReadonlyTensor::SafeGet)
  api=14 insize=68835 outsize=13793 ok=1
Cmd: compileComputeKernel
  api=14 insize=68835 outsize=4725 ok=1
Cmd: translateComputeKernel
  api=14 insize=8905 outsize=17689 ok=1
Cmd: translateComputeKernel
  api=14 insize=6685 outsize=12157 ok=1
Cmd: compileComputeKernel
  api=14 insize=9919 outsize=2949 ok=1
Cmd: compileComputeKernel
  api=14 insize=9919 outsize=2949 ok=1
Cmd: compileComputeKernel
  api=14 insize=9919 outsize=2989 ok=1
Cmd: compileComputeKernel
  api=14 insize=9919 outsize=3129 ok=1
Cmd: translateComputeKernel
  api=14 insize=2949 outsize=4277 ok=1
Cmd: translateComputeKernel
  api=14 insize=2981 outsize=4325 ok=1
Cmd: translateComputeKernel
  api=14 insize=2985 outsize=4329 ok=1
Cmd: translateComputeKernel
  api=14 insize=3129 outsize=4573 ok=1
Cmd: compileComputeKernel
  api=14 insize=45671 outsize=12337 ok=1
Cmd: translateComputeKernel
  api=14 insize=12373 outsize=23713 ok=1
Cmd: compileComputeKernel
  api=14 insize=7959 outsize=3101 ok=1
Cmd: translateComputeKernel
  api=14 insize=3129 outsize=3853 ok=1
Cmd: translateComputeKernel
  api=14 insize=2817 outsize=3285 ok=1
Cmd: compileComputeKernel
  api=14 insize=49356 outsize=13145 ok=1
Cmd: compileComputeKernel
  api=14 insize=49356 outsize=3197 ok=1
Cmd: compileComputeKernel
  api=14 insize=49356 outsize=3061 ok=1
Cmd: compileComputeKernel
  api=14 insize=49356 outsize=3141 ok=1
Cmd: compileComputeKernel
  api=14 insize=49356 outsize=3757 ok=1
Cmd: compileComputeKernel
  api=14 insize=49356 outsize=3753 ok=1
Cmd: compileComputeKernel
  api=14 insize=49356 outsize=3793 ok=1
Cmd: compileComputeKernel
  api=14 insize=49356 outsize=3933 ok=1
Cmd: compileComputeKernel
  api=14 insize=49356 outsize=3093 ok=1
Cmd: compileComputeKernel
  api=14 insize=49356 outsize=3093 ok=1
Cmd: compileComputeKernel
  api=14 insize=49356 outsize=3201 ok=1
Cmd: translateComputeKernel
  api=14 insize=5201 outsize=7641 ok=1
Cmd: translateComputeKernel
  api=14 insize=4349 outsize=5721 ok=1
Cmd: translateComputeKernel
  api=14 insize=3617 outsize=3625 ok=1
Cmd: translateComputeKernel
  api=14 insize=3581 outsize=3577 ok=1
Cmd: translateComputeKernel
  api=14 insize=3665 outsize=3717 ok=1
Cmd: translateComputeKernel
  api=14 insize=3977 outsize=4241 ok=1
Cmd: translateComputeKernel
  api=14 insize=3617 outsize=3625 ok=1
Cmd: translateComputeKernel
  api=14 insize=4205 outsize=4857 ok=1
Cmd: translateComputeKernel
  api=14 insize=3605 outsize=3621 ok=1
Cmd: translateComputeKernel
  api=14 insize=3621 outsize=3645 ok=1
Cmd: translateComputeKernel
  api=14 insize=4229 outsize=5025 ok=1
Cmd: translateComputeKernel
  api=14 insize=4665 outsize=5817 ok=1
Cmd: translateComputeKernel
  api=14 insize=4265 outsize=5077 ok=1
Cmd: translateComputeKernel
  api=14 insize=4405 outsize=5317 ok=1
Cmd: translateComputeKernel
  api=14 insize=3637 outsize=3733 ok=1
Cmd: translateComputeKernel
  api=14 insize=4209 outsize=4809 ok=1
Cmd: translateComputeKernel
  api=14 insize=4865 outsize=6277 ok=1
Cmd: compileComputeKernel
  api=14 insize=4103 outsize=2853 ok=1
Cmd: translateComputeKernel
  api=14 insize=2917 outsize=3761 ok=1
Cmd: compileComputeKernel
  api=14 insize=29386 outsize=1153 ok=1
Cmd: compileComputeKernel
  api=14 insize=29386 outsize=2065 ok=1
Cmd: compileComputeKernel
  api=14 insize=29386 outsize=1217 ok=1
Cmd: compileComputeKernel
  api=14 insize=29386 outsize=2325 ok=1
Cmd: compileComputeKernel
  api=14 insize=29386 outsize=2389 ok=1
Cmd: compileComputeKernel
  api=14 insize=29386 outsize=2237 ok=1
Cmd: compileComputeKernel
  api=14 insize=29386 outsize=2405 ok=1
Cmd: compileComputeKernel
  api=14 insize=29386 outsize=2229 ok=1
Cmd: compileComputeKernel
  api=14 insize=29386 outsize=2081 ok=1
Cmd: compileComputeKernel
  api=14 insize=29386 outsize=2153 ok=1
Cmd: compileComputeKernel
  api=14 insize=29386 outsize=2097 ok=1
Cmd: compileComputeKernel
  api=14 insize=29386 outsize=2261 ok=1
Cmd: compileComputeKernel
  api=14 insize=29386 outsize=2701 ok=1
Cmd: compileComputeKernel
  api=14 insize=29386 outsize=2565 ok=1
Cmd: compileComputeKernel
  api=14 insize=29386 outsize=2897 ok=1
Cmd: compileComputeKernel
  api=14 insize=29386 outsize=2725 ok=1
Cmd: compileComputeKernel
  api=14 insize=29386 outsize=2737 ok=1
Cmd: compileComputeKernel
  api=14 insize=29386 outsize=2781 ok=1
Cmd: compileComputeKernel
  api=14 insize=29386 outsize=2689 ok=1
Cmd: compileComputeKernel
  api=14 insize=29386 outsize=2625 ok=1
Cmd: compileComputeKernel
  api=14 insize=29386 outsize=2749 ok=1
Cmd: compileComputeKernel
  api=14 insize=29386 outsize=2997 ok=1
Cmd: translateComputeKernel
  api=14 insize=2325 outsize=1985 ok=1
Cmd: translateComputeKernel
  api=14 insize=1425 outsize=1445 ok=1
Cmd: translateComputeKernel
  api=14 insize=2361 outsize=2033 ok=1
Cmd: translateComputeKernel
  api=14 insize=2501 outsize=2193 ok=1
Cmd: translateComputeKernel
  api=14 insize=1577 outsize=1653 ok=1
Cmd: translateComputeKernel
  api=14 insize=2421 outsize=2105 ok=1
Cmd: translateComputeKernel
  api=14 insize=2473 outsize=2229 ok=1
Cmd: translateComputeKernel
  api=14 insize=1465 outsize=1509 ok=1
Cmd: translateComputeKernel
  api=14 insize=1465 outsize=1513 ok=1
Cmd: translateComputeKernel
  api=14 insize=2317 outsize=1949 ok=1
Cmd: translateComputeKernel
  api=14 insize=1489 outsize=1561 ok=1
Cmd: translateComputeKernel
  api=14 insize=2821 outsize=3145 ok=1
Cmd: translateComputeKernel
  api=14 insize=3461 outsize=4269 ok=1
Cmd: translateComputeKernel
  api=14 insize=3069 outsize=3341 ok=1
Cmd: translateComputeKernel
  api=14 insize=2921 outsize=3129 ok=1
Cmd: translateComputeKernel
  api=14 insize=2909 outsize=3241 ok=1
Cmd: translateComputeKernel
  api=14 insize=2921 outsize=3329 ok=1
Cmd: translateComputeKernel
  api=14 insize=2817 outsize=3185 ok=1
Cmd: translateComputeKernel
  api=14 insize=2861 outsize=3037 ok=1
Cmd: translateComputeKernel
  api=14 insize=2813 outsize=3141 ok=1
Cmd: translateComputeKernel
  api=14 insize=2825 outsize=3185 ok=1
Cmd: translateComputeKernel
  api=14 insize=2857 outsize=3197 ok=1
